[2025-12-10 20:04:48,330] INFO [Broker id=1] Transitioning 50 partition(s) to local leaders. (state.change.logger)
[2025-12-10 20:04:48,338] INFO [Broker id=1] Creating new partition __consumer_offsets-13 with topic id rmtJb4dNSFuchL-Qj8f02A. (state.change.logger)
[2025-12-10 20:04:48,353] INFO [Broker id=1] Leader __consumer_offsets-13 with topic id Some(rmtJb4dNSFuchL-Qj8f02A) starts at leader epoch 0 from offset 0 with partition epoch 0, high watermark 0, ISR [1], adding replicas [] and removing replicas [] . Previous leader None and previous leader epoch was -1. (state.change.logger)
[2025-12-10 20:04:48,355] INFO [Broker id=1] Creating new partition __consumer_offsets-46 with topic id rmtJb4dNSFuchL-Qj8f02A. (state.change.logger)
[2025-12-10 20:04:48,368] INFO [Broker id=1] Leader __consumer_offsets-46 with topic id Some(rmtJb4dNSFuchL-Qj8f02A) starts at leader epoch 0 from offset 0 with partition epoch 0, high watermark 0, ISR [1], adding replicas [] and removing replicas [] . Previous leader None and previous leader epoch was -1. (state.change.logger)
[2025-12-10 20:04:48,371] INFO [Broker id=1] Creating new partition __consumer_offsets-9 with topic id rmtJb4dNSFuchL-Qj8f02A. (state.change.logger)
[2025-12-10 20:04:48,383] INFO [Broker id=1] Leader __consumer_offsets-9 with topic id Some(rmtJb4dNSFuchL-Qj8f02A) starts at leader epoch 0 from offset 0 with partition epoch 0, high watermark 0, ISR [1], adding replicas [] and removing replicas [] . Previous leader None and previous leader epoch was -1. (state.change.logger)
[2025-12-10 20:04:48,385] INFO [Broker id=1] Creating new partition __consumer_offsets-42 with topic id rmtJb4dNSFuchL-Qj8f02A. (state.change.logger)
[2025-12-10 20:04:48,397] INFO [Broker id=1] Leader __consumer_offsets-42 with topic id Some(rmtJb4dNSFuchL-Qj8f02A) starts at leader epoch 0 from offset 0 with partition epoch 0, high watermark 0, ISR [1], adding replicas [] and removing replicas [] . Previous leader None and previous leader epoch was -1. (state.change.logger)
[2025-12-10 20:04:48,399] INFO [Broker id=1] Creating new partition __consumer_offsets-21 with topic id rmtJb4dNSFuchL-Qj8f02A. (state.change.logger)
[2025-12-10 20:04:48,411] INFO [Broker id=1] Leader __consumer_offsets-21 with topic id Some(rmtJb4dNSFuchL-Qj8f02A) starts at leader epoch 0 from offset 0 with partition epoch 0, high watermark 0, ISR [1], adding replicas [] and removing replicas [] . Previous leader None and previous leader epoch was -1. (state.change.logger)
[2025-12-10 20:04:48,414] INFO [Broker id=1] Creating new partition __consumer_offsets-17 with topic id rmtJb4dNSFuchL-Qj8f02A. (state.change.logger)
[2025-12-10 20:04:48,426] INFO [Broker id=1] Leader __consumer_offsets-17 with topic id Some(rmtJb4dNSFuchL-Qj8f02A) starts at leader epoch 0 from offset 0 with partition epoch 0, high watermark 0, ISR [1], adding replicas [] and removing replicas [] . Previous leader None and previous leader epoch was -1. (state.change.logger)
[2025-12-10 20:04:48,430] INFO [Broker id=1] Creating new partition __consumer_offsets-30 with topic id rmtJb4dNSFuchL-Qj8f02A. (state.change.logger)
[2025-12-10 20:04:48,440] INFO [Broker id=1] Leader __consumer_offsets-30 with topic id Some(rmtJb4dNSFuchL-Qj8f02A) starts at leader epoch 0 from offset 0 with partition epoch 0, high watermark 0, ISR [1], adding replicas [] and removing replicas [] . Previous leader None and previous leader epoch was -1. (state.change.logger)
[2025-12-10 20:04:48,442] INFO [Broker id=1] Creating new partition __consumer_offsets-26 with topic id rmtJb4dNSFuchL-Qj8f02A. (state.change.logger)
[2025-12-10 20:04:48,453] INFO [Broker id=1] Leader __consumer_offsets-26 with topic id Some(rmtJb4dNSFuchL-Qj8f02A) starts at leader epoch 0 from offset 0 with partition epoch 0, high watermark 0, ISR [1], adding replicas [] and removing replicas [] . Previous leader None and previous leader epoch was -1. (state.change.logger)
[2025-12-10 20:04:48,454] INFO [Broker id=1] Creating new partition __consumer_offsets-5 with topic id rmtJb4dNSFuchL-Qj8f02A. (state.change.logger)
[2025-12-10 20:04:48,464] INFO [Broker id=1] Leader __consumer_offsets-5 with topic id Some(rmtJb4dNSFuchL-Qj8f02A) starts at leader epoch 0 from offset 0 with partition epoch 0, high watermark 0, ISR [1], adding replicas [] and removing replicas [] . Previous leader None and previous leader epoch was -1. (state.change.logger)
[2025-12-10 20:04:48,467] INFO [Broker id=1] Creating new partition __consumer_offsets-38 with topic id rmtJb4dNSFuchL-Qj8f02A. (state.change.logger)
[2025-12-10 20:04:48,479] INFO [Broker id=1] Leader __consumer_offsets-38 with topic id Some(rmtJb4dNSFuchL-Qj8f02A) starts at leader epoch 0 from offset 0 with partition epoch 0, high watermark 0, ISR [1], adding replicas [] and removing replicas [] . Previous leader None and previous leader epoch was -1. (state.change.logger)
[2025-12-10 20:04:48,481] INFO [Broker id=1] Creating new partition __consumer_offsets-1 with topic id rmtJb4dNSFuchL-Qj8f02A. (state.change.logger)
[2025-12-10 20:04:48,492] INFO [Broker id=1] Leader __consumer_offsets-1 with topic id Some(rmtJb4dNSFuchL-Qj8f02A) starts at leader epoch 0 from offset 0 with partition epoch 0, high watermark 0, ISR [1], adding replicas [] and removing replicas [] . Previous leader None and previous leader epoch was -1. (state.change.logger)
[2025-12-10 20:04:48,493] INFO [Broker id=1] Creating new partition __consumer_offsets-34 with topic id rmtJb4dNSFuchL-Qj8f02A. (state.change.logger)
[2025-12-10 20:04:48,499] INFO [Broker id=1] Leader __consumer_offsets-34 with topic id Some(rmtJb4dNSFuchL-Qj8f02A) starts at leader epoch 0 from offset 0 with partition epoch 0, high watermark 0, ISR [1], adding replicas [] and removing replicas [] . Previous leader None and previous leader epoch was -1. (state.change.logger)
[2025-12-10 20:04:48,501] INFO [Broker id=1] Creating new partition __consumer_offsets-16 with topic id rmtJb4dNSFuchL-Qj8f02A. (state.change.logger)
[2025-12-10 20:04:48,511] INFO [Broker id=1] Leader __consumer_offsets-16 with topic id Some(rmtJb4dNSFuchL-Qj8f02A) starts at leader epoch 0 from offset 0 with partition epoch 0, high watermark 0, ISR [1], adding replicas [] and removing replicas [] . Previous leader None and previous leader epoch was -1. (state.change.logger)
[2025-12-10 20:04:48,516] INFO [Broker id=1] Creating new partition __consumer_offsets-45 with topic id rmtJb4dNSFuchL-Qj8f02A. (state.change.logger)
[2025-12-10 20:04:48,526] INFO [Broker id=1] Leader __consumer_offsets-45 with topic id Some(rmtJb4dNSFuchL-Qj8f02A) starts at leader epoch 0 from offset 0 with partition epoch 0, high watermark 0, ISR [1], adding replicas [] and removing replicas [] . Previous leader None and previous leader epoch was -1. (state.change.logger)
[2025-12-10 20:04:48,530] INFO [Broker id=1] Creating new partition __consumer_offsets-12 with topic id rmtJb4dNSFuchL-Qj8f02A. (state.change.logger)
[2025-12-10 20:04:48,539] INFO [Broker id=1] Leader __consumer_offsets-12 with topic id Some(rmtJb4dNSFuchL-Qj8f02A) starts at leader epoch 0 from offset 0 with partition epoch 0, high watermark 0, ISR [1], adding replicas [] and removing replicas [] . Previous leader None and previous leader epoch was -1. (state.change.logger)
[2025-12-10 20:04:48,542] INFO [Broker id=1] Creating new partition __consumer_offsets-41 with topic id rmtJb4dNSFuchL-Qj8f02A. (state.change.logger)
[2025-12-10 20:04:48,550] INFO [Broker id=1] Leader __consumer_offsets-41 with topic id Some(rmtJb4dNSFuchL-Qj8f02A) starts at leader epoch 0 from offset 0 with partition epoch 0, high watermark 0, ISR [1], adding replicas [] and removing replicas [] . Previous leader None and previous leader epoch was -1. (state.change.logger)
[2025-12-10 20:04:48,551] INFO [Broker id=1] Creating new partition __consumer_offsets-24 with topic id rmtJb4dNSFuchL-Qj8f02A. (state.change.logger)
[2025-12-10 20:04:48,562] INFO [Broker id=1] Leader __consumer_offsets-24 with topic id Some(rmtJb4dNSFuchL-Qj8f02A) starts at leader epoch 0 from offset 0 with partition epoch 0, high watermark 0, ISR [1], adding replicas [] and removing replicas [] . Previous leader None and previous leader epoch was -1. (state.change.logger)
[2025-12-10 20:04:48,564] INFO [Broker id=1] Creating new partition __consumer_offsets-20 with topic id rmtJb4dNSFuchL-Qj8f02A. (state.change.logger)
[2025-12-10 20:04:48,571] INFO [Broker id=1] Leader __consumer_offsets-20 with topic id Some(rmtJb4dNSFuchL-Qj8f02A) starts at leader epoch 0 from offset 0 with partition epoch 0, high watermark 0, ISR [1], adding replicas [] and removing replicas [] . Previous leader None and previous leader epoch was -1. (state.change.logger)
[2025-12-10 20:04:48,576] INFO [Broker id=1] Creating new partition __consumer_offsets-49 with topic id rmtJb4dNSFuchL-Qj8f02A. (state.change.logger)
[2025-12-10 20:04:48,587] INFO [Broker id=1] Leader __consumer_offsets-49 with topic id Some(rmtJb4dNSFuchL-Qj8f02A) starts at leader epoch 0 from offset 0 with partition epoch 0, high watermark 0, ISR [1], adding replicas [] and removing replicas [] . Previous leader None and previous leader epoch was -1. (state.change.logger)
[2025-12-10 20:04:48,593] INFO [Broker id=1] Creating new partition __consumer_offsets-0 with topic id rmtJb4dNSFuchL-Qj8f02A. (state.change.logger)
[2025-12-10 20:04:48,602] INFO [Broker id=1] Leader __consumer_offsets-0 with topic id Some(rmtJb4dNSFuchL-Qj8f02A) starts at leader epoch 0 from offset 0 with partition epoch 0, high watermark 0, ISR [1], adding replicas [] and removing replicas [] . Previous leader None and previous leader epoch was -1. (state.change.logger)
[2025-12-10 20:04:48,605] INFO [Broker id=1] Creating new partition __consumer_offsets-29 with topic id rmtJb4dNSFuchL-Qj8f02A. (state.change.logger)
[2025-12-10 20:04:48,610] INFO [Broker id=1] Leader __consumer_offsets-29 with topic id Some(rmtJb4dNSFuchL-Qj8f02A) starts at leader epoch 0 from offset 0 with partition epoch 0, high watermark 0, ISR [1], adding replicas [] and removing replicas [] . Previous leader None and previous leader epoch was -1. (state.change.logger)
[2025-12-10 20:04:48,612] INFO [Broker id=1] Creating new partition __consumer_offsets-25 with topic id rmtJb4dNSFuchL-Qj8f02A. (state.change.logger)
[2025-12-10 20:04:48,620] INFO [Broker id=1] Leader __consumer_offsets-25 with topic id Some(rmtJb4dNSFuchL-Qj8f02A) starts at leader epoch 0 from offset 0 with partition epoch 0, high watermark 0, ISR [1], adding replicas [] and removing replicas [] . Previous leader None and previous leader epoch was -1. (state.change.logger)
[2025-12-10 20:04:48,621] INFO [Broker id=1] Creating new partition __consumer_offsets-8 with topic id rmtJb4dNSFuchL-Qj8f02A. (state.change.logger)
[2025-12-10 20:04:48,628] INFO [Broker id=1] Leader __consumer_offsets-8 with topic id Some(rmtJb4dNSFuchL-Qj8f02A) starts at leader epoch 0 from offset 0 with partition epoch 0, high watermark 0, ISR [1], adding replicas [] and removing replicas [] . Previous leader None and previous leader epoch was -1. (state.change.logger)
[2025-12-10 20:04:48,630] INFO [Broker id=1] Creating new partition __consumer_offsets-37 with topic id rmtJb4dNSFuchL-Qj8f02A. (state.change.logger)
[2025-12-10 20:04:48,635] INFO [Broker id=1] Leader __consumer_offsets-37 with topic id Some(rmtJb4dNSFuchL-Qj8f02A) starts at leader epoch 0 from offset 0 with partition epoch 0, high watermark 0, ISR [1], adding replicas [] and removing replicas [] . Previous leader None and previous leader epoch was -1. (state.change.logger)
[2025-12-10 20:04:48,640] INFO [Broker id=1] Creating new partition __consumer_offsets-4 with topic id rmtJb4dNSFuchL-Qj8f02A. (state.change.logger)
[2025-12-10 20:04:48,648] INFO [Broker id=1] Leader __consumer_offsets-4 with topic id Some(rmtJb4dNSFuchL-Qj8f02A) starts at leader epoch 0 from offset 0 with partition epoch 0, high watermark 0, ISR [1], adding replicas [] and removing replicas [] . Previous leader None and previous leader epoch was -1. (state.change.logger)
[2025-12-10 20:04:48,649] INFO [Broker id=1] Creating new partition __consumer_offsets-33 with topic id rmtJb4dNSFuchL-Qj8f02A. (state.change.logger)
[2025-12-10 20:04:48,657] INFO [Broker id=1] Leader __consumer_offsets-33 with topic id Some(rmtJb4dNSFuchL-Qj8f02A) starts at leader epoch 0 from offset 0 with partition epoch 0, high watermark 0, ISR [1], adding replicas [] and removing replicas [] . Previous leader None and previous leader epoch was -1. (state.change.logger)
[2025-12-10 20:04:48,665] INFO [Broker id=1] Creating new partition __consumer_offsets-15 with topic id rmtJb4dNSFuchL-Qj8f02A. (state.change.logger)
[2025-12-10 20:04:48,671] INFO [Broker id=1] Leader __consumer_offsets-15 with topic id Some(rmtJb4dNSFuchL-Qj8f02A) starts at leader epoch 0 from offset 0 with partition epoch 0, high watermark 0, ISR [1], adding replicas [] and removing replicas [] . Previous leader None and previous leader epoch was -1. (state.change.logger)
[2025-12-10 20:04:48,672] INFO [Broker id=1] Creating new partition __consumer_offsets-48 with topic id rmtJb4dNSFuchL-Qj8f02A. (state.change.logger)
[2025-12-10 20:04:48,684] INFO [Broker id=1] Leader __consumer_offsets-48 with topic id Some(rmtJb4dNSFuchL-Qj8f02A) starts at leader epoch 0 from offset 0 with partition epoch 0, high watermark 0, ISR [1], adding replicas [] and removing replicas [] . Previous leader None and previous leader epoch was -1. (state.change.logger)
[2025-12-10 20:04:48,688] INFO [Broker id=1] Creating new partition __consumer_offsets-11 with topic id rmtJb4dNSFuchL-Qj8f02A. (state.change.logger)
[2025-12-10 20:04:48,697] INFO [Broker id=1] Leader __consumer_offsets-11 with topic id Some(rmtJb4dNSFuchL-Qj8f02A) starts at leader epoch 0 from offset 0 with partition epoch 0, high watermark 0, ISR [1], adding replicas [] and removing replicas [] . Previous leader None and previous leader epoch was -1. (state.change.logger)
[2025-12-10 20:04:48,698] INFO [Broker id=1] Creating new partition __consumer_offsets-44 with topic id rmtJb4dNSFuchL-Qj8f02A. (state.change.logger)
[2025-12-10 20:04:48,705] INFO [Broker id=1] Leader __consumer_offsets-44 with topic id Some(rmtJb4dNSFuchL-Qj8f02A) starts at leader epoch 0 from offset 0 with partition epoch 0, high watermark 0, ISR [1], adding replicas [] and removing replicas [] . Previous leader None and previous leader epoch was -1. (state.change.logger)
[2025-12-10 20:04:48,707] INFO [Broker id=1] Creating new partition __consumer_offsets-23 with topic id rmtJb4dNSFuchL-Qj8f02A. (state.change.logger)
[2025-12-10 20:04:48,711] INFO [Broker id=1] Leader __consumer_offsets-23 with topic id Some(rmtJb4dNSFuchL-Qj8f02A) starts at leader epoch 0 from offset 0 with partition epoch 0, high watermark 0, ISR [1], adding replicas [] and removing replicas [] . Previous leader None and previous leader epoch was -1. (state.change.logger)
[2025-12-10 20:04:48,722] INFO [Broker id=1] Creating new partition __consumer_offsets-19 with topic id rmtJb4dNSFuchL-Qj8f02A. (state.change.logger)
[2025-12-10 20:04:48,727] INFO [Broker id=1] Leader __consumer_offsets-19 with topic id Some(rmtJb4dNSFuchL-Qj8f02A) starts at leader epoch 0 from offset 0 with partition epoch 0, high watermark 0, ISR [1], adding replicas [] and removing replicas [] . Previous leader None and previous leader epoch was -1. (state.change.logger)
[2025-12-10 20:04:48,728] INFO [Broker id=1] Creating new partition __consumer_offsets-32 with topic id rmtJb4dNSFuchL-Qj8f02A. (state.change.logger)
[2025-12-10 20:04:48,734] INFO [Broker id=1] Leader __consumer_offsets-32 with topic id Some(rmtJb4dNSFuchL-Qj8f02A) starts at leader epoch 0 from offset 0 with partition epoch 0, high watermark 0, ISR [1], adding replicas [] and removing replicas [] . Previous leader None and previous leader epoch was -1. (state.change.logger)
[2025-12-10 20:04:48,735] INFO [Broker id=1] Creating new partition __consumer_offsets-28 with topic id rmtJb4dNSFuchL-Qj8f02A. (state.change.logger)
[2025-12-10 20:04:48,743] INFO [Broker id=1] Leader __consumer_offsets-28 with topic id Some(rmtJb4dNSFuchL-Qj8f02A) starts at leader epoch 0 from offset 0 with partition epoch 0, high watermark 0, ISR [1], adding replicas [] and removing replicas [] . Previous leader None and previous leader epoch was -1. (state.change.logger)
[2025-12-10 20:04:48,745] INFO [Broker id=1] Creating new partition __consumer_offsets-7 with topic id rmtJb4dNSFuchL-Qj8f02A. (state.change.logger)
[2025-12-10 20:04:48,753] INFO [Broker id=1] Leader __consumer_offsets-7 with topic id Some(rmtJb4dNSFuchL-Qj8f02A) starts at leader epoch 0 from offset 0 with partition epoch 0, high watermark 0, ISR [1], adding replicas [] and removing replicas [] . Previous leader None and previous leader epoch was -1. (state.change.logger)
[2025-12-10 20:04:48,754] INFO [Broker id=1] Creating new partition __consumer_offsets-40 with topic id rmtJb4dNSFuchL-Qj8f02A. (state.change.logger)
[2025-12-10 20:04:48,763] INFO [Broker id=1] Leader __consumer_offsets-40 with topic id Some(rmtJb4dNSFuchL-Qj8f02A) starts at leader epoch 0 from offset 0 with partition epoch 0, high watermark 0, ISR [1], adding replicas [] and removing replicas [] . Previous leader None and previous leader epoch was -1. (state.change.logger)
[2025-12-10 20:04:48,766] INFO [Broker id=1] Creating new partition __consumer_offsets-3 with topic id rmtJb4dNSFuchL-Qj8f02A. (state.change.logger)
[2025-12-10 20:04:48,775] INFO [Broker id=1] Leader __consumer_offsets-3 with topic id Some(rmtJb4dNSFuchL-Qj8f02A) starts at leader epoch 0 from offset 0 with partition epoch 0, high watermark 0, ISR [1], adding replicas [] and removing replicas [] . Previous leader None and previous leader epoch was -1. (state.change.logger)
[2025-12-10 20:04:48,777] INFO [Broker id=1] Creating new partition __consumer_offsets-36 with topic id rmtJb4dNSFuchL-Qj8f02A. (state.change.logger)
[2025-12-10 20:04:48,785] INFO [Broker id=1] Leader __consumer_offsets-36 with topic id Some(rmtJb4dNSFuchL-Qj8f02A) starts at leader epoch 0 from offset 0 with partition epoch 0, high watermark 0, ISR [1], adding replicas [] and removing replicas [] . Previous leader None and previous leader epoch was -1. (state.change.logger)
[2025-12-10 20:04:48,788] INFO [Broker id=1] Creating new partition __consumer_offsets-47 with topic id rmtJb4dNSFuchL-Qj8f02A. (state.change.logger)
[2025-12-10 20:04:48,796] INFO [Broker id=1] Leader __consumer_offsets-47 with topic id Some(rmtJb4dNSFuchL-Qj8f02A) starts at leader epoch 0 from offset 0 with partition epoch 0, high watermark 0, ISR [1], adding replicas [] and removing replicas [] . Previous leader None and previous leader epoch was -1. (state.change.logger)
[2025-12-10 20:04:48,797] INFO [Broker id=1] Creating new partition __consumer_offsets-14 with topic id rmtJb4dNSFuchL-Qj8f02A. (state.change.logger)
[2025-12-10 20:04:48,805] INFO [Broker id=1] Leader __consumer_offsets-14 with topic id Some(rmtJb4dNSFuchL-Qj8f02A) starts at leader epoch 0 from offset 0 with partition epoch 0, high watermark 0, ISR [1], adding replicas [] and removing replicas [] . Previous leader None and previous leader epoch was -1. (state.change.logger)
[2025-12-10 20:04:48,809] INFO [Broker id=1] Creating new partition __consumer_offsets-43 with topic id rmtJb4dNSFuchL-Qj8f02A. (state.change.logger)
[2025-12-10 20:04:48,822] INFO [Broker id=1] Leader __consumer_offsets-43 with topic id Some(rmtJb4dNSFuchL-Qj8f02A) starts at leader epoch 0 from offset 0 with partition epoch 0, high watermark 0, ISR [1], adding replicas [] and removing replicas [] . Previous leader None and previous leader epoch was -1. (state.change.logger)
[2025-12-10 20:04:48,825] INFO [Broker id=1] Creating new partition __consumer_offsets-10 with topic id rmtJb4dNSFuchL-Qj8f02A. (state.change.logger)
[2025-12-10 20:04:48,832] INFO [Broker id=1] Leader __consumer_offsets-10 with topic id Some(rmtJb4dNSFuchL-Qj8f02A) starts at leader epoch 0 from offset 0 with partition epoch 0, high watermark 0, ISR [1], adding replicas [] and removing replicas [] . Previous leader None and previous leader epoch was -1. (state.change.logger)
[2025-12-10 20:04:48,833] INFO [Broker id=1] Creating new partition __consumer_offsets-22 with topic id rmtJb4dNSFuchL-Qj8f02A. (state.change.logger)
[2025-12-10 20:04:48,840] INFO [Broker id=1] Leader __consumer_offsets-22 with topic id Some(rmtJb4dNSFuchL-Qj8f02A) starts at leader epoch 0 from offset 0 with partition epoch 0, high watermark 0, ISR [1], adding replicas [] and removing replicas [] . Previous leader None and previous leader epoch was -1. (state.change.logger)
[2025-12-10 20:04:48,842] INFO [Broker id=1] Creating new partition __consumer_offsets-18 with topic id rmtJb4dNSFuchL-Qj8f02A. (state.change.logger)
[2025-12-10 20:04:48,850] INFO [Broker id=1] Leader __consumer_offsets-18 with topic id Some(rmtJb4dNSFuchL-Qj8f02A) starts at leader epoch 0 from offset 0 with partition epoch 0, high watermark 0, ISR [1], adding replicas [] and removing replicas [] . Previous leader None and previous leader epoch was -1. (state.change.logger)
[2025-12-10 20:04:48,854] INFO [Broker id=1] Creating new partition __consumer_offsets-31 with topic id rmtJb4dNSFuchL-Qj8f02A. (state.change.logger)
[2025-12-10 20:04:48,861] INFO [Broker id=1] Leader __consumer_offsets-31 with topic id Some(rmtJb4dNSFuchL-Qj8f02A) starts at leader epoch 0 from offset 0 with partition epoch 0, high watermark 0, ISR [1], adding replicas [] and removing replicas [] . Previous leader None and previous leader epoch was -1. (state.change.logger)
[2025-12-10 20:04:48,866] INFO [Broker id=1] Creating new partition __consumer_offsets-27 with topic id rmtJb4dNSFuchL-Qj8f02A. (state.change.logger)
[2025-12-10 20:04:48,874] INFO [Broker id=1] Leader __consumer_offsets-27 with topic id Some(rmtJb4dNSFuchL-Qj8f02A) starts at leader epoch 0 from offset 0 with partition epoch 0, high watermark 0, ISR [1], adding replicas [] and removing replicas [] . Previous leader None and previous leader epoch was -1. (state.change.logger)
[2025-12-10 20:04:48,875] INFO [Broker id=1] Creating new partition __consumer_offsets-39 with topic id rmtJb4dNSFuchL-Qj8f02A. (state.change.logger)
[2025-12-10 20:04:48,883] INFO [Broker id=1] Leader __consumer_offsets-39 with topic id Some(rmtJb4dNSFuchL-Qj8f02A) starts at leader epoch 0 from offset 0 with partition epoch 0, high watermark 0, ISR [1], adding replicas [] and removing replicas [] . Previous leader None and previous leader epoch was -1. (state.change.logger)
[2025-12-10 20:04:48,884] INFO [Broker id=1] Creating new partition __consumer_offsets-6 with topic id rmtJb4dNSFuchL-Qj8f02A. (state.change.logger)
[2025-12-10 20:04:48,893] INFO [Broker id=1] Leader __consumer_offsets-6 with topic id Some(rmtJb4dNSFuchL-Qj8f02A) starts at leader epoch 0 from offset 0 with partition epoch 0, high watermark 0, ISR [1], adding replicas [] and removing replicas [] . Previous leader None and previous leader epoch was -1. (state.change.logger)
[2025-12-10 20:04:48,895] INFO [Broker id=1] Creating new partition __consumer_offsets-35 with topic id rmtJb4dNSFuchL-Qj8f02A. (state.change.logger)
[2025-12-10 20:04:48,903] INFO [Broker id=1] Leader __consumer_offsets-35 with topic id Some(rmtJb4dNSFuchL-Qj8f02A) starts at leader epoch 0 from offset 0 with partition epoch 0, high watermark 0, ISR [1], adding replicas [] and removing replicas [] . Previous leader None and previous leader epoch was -1. (state.change.logger)
[2025-12-10 20:04:48,905] INFO [Broker id=1] Creating new partition __consumer_offsets-2 with topic id rmtJb4dNSFuchL-Qj8f02A. (state.change.logger)
[2025-12-10 20:04:48,910] INFO [Broker id=1] Leader __consumer_offsets-2 with topic id Some(rmtJb4dNSFuchL-Qj8f02A) starts at leader epoch 0 from offset 0 with partition epoch 0, high watermark 0, ISR [1], adding replicas [] and removing replicas [] . Previous leader None and previous leader epoch was -1. (state.change.logger)
[2025-12-10 20:07:06,031] INFO [Broker id=1] Deleting 1 partition(s). (state.change.logger)
[2025-12-10 20:10:14,895] INFO [Broker id=1] Transitioning 1 partition(s) to local leaders. (state.change.logger)
[2025-12-10 20:10:14,896] INFO [Broker id=1] Creating new partition bonus_23B151041-0 with topic id JiFnL5jZRueLL6pvGItSMQ. (state.change.logger)
[2025-12-10 20:10:14,898] INFO [Broker id=1] Leader bonus_23B151041-0 with topic id Some(JiFnL5jZRueLL6pvGItSMQ) starts at leader epoch 0 from offset 0 with partition epoch 0, high watermark 0, ISR [1], adding replicas [] and removing replicas [] . Previous leader None and previous leader epoch was -1. (state.change.logger)
[2025-12-10 20:12:44,693] INFO [Broker id=1] Deleting 1 partition(s). (state.change.logger)
[2025-12-10 20:16:55,390] INFO [Broker id=1] Transitioning 1 partition(s) to local leaders. (state.change.logger)
[2025-12-10 20:16:55,390] INFO [Broker id=1] Creating new partition bonus_23B151041-0 with topic id yIMPeDcYQma_lKBEg1_qtA. (state.change.logger)
[2025-12-10 20:16:55,393] INFO [Broker id=1] Leader bonus_23B151041-0 with topic id Some(yIMPeDcYQma_lKBEg1_qtA) starts at leader epoch 0 from offset 0 with partition epoch 0, high watermark 0, ISR [1], adding replicas [] and removing replicas [] . Previous leader None and previous leader epoch was -1. (state.change.logger)
[2025-12-10 20:25:13,066] INFO [Broker id=1] Deleting 1 partition(s). (state.change.logger)
[2025-12-10 20:25:57,183] INFO [Broker id=1] Transitioning 1 partition(s) to local leaders. (state.change.logger)
[2025-12-10 20:25:57,183] INFO [Broker id=1] Creating new partition bonus_23B151041-0 with topic id M28xAX4JQhOlgsIQVAUCOQ. (state.change.logger)
[2025-12-10 20:25:57,186] INFO [Broker id=1] Leader bonus_23B151041-0 with topic id Some(M28xAX4JQhOlgsIQVAUCOQ) starts at leader epoch 0 from offset 0 with partition epoch 0, high watermark 0, ISR [1], adding replicas [] and removing replicas [] . Previous leader None and previous leader epoch was -1. (state.change.logger)
